proguard/mapping.txt
android.support.v4.view.ViewPager$Decor -> android.support.v4.view.ae:
android.support.v4.view.ViewPager$ItemInfo -> android.support.v4.view.af:
    java.lang.Object object -> a
    int position -> b
    boolean scrolling -> c
    float widthFactor -> d
    float offset -> e
android.support.v4.view.ViewPager$LayoutParams -> android.support.v4.view.ag:
    boolean isDecor -> a
    int gravity -> b
    float widthFactor -> c
    boolean needsMeasure -> d
    int position -> e
    int childIndex -> f
android.support.v4.view.ViewPager$OnAdapterChangeListener -> android.support.v4.view.ah:
    void onAdapterChanged(android.support.v4.view.PagerAdapter,android.support.v4.view.PagerAdapter) -> a
android.support.v4.view.ViewPager$OnPageChangeListener -> android.support.v4.view.ai:
    void onPageScrolled(int,float,int) -> a
    void onPageSelected(int) -> a
    void onPageScrollStateChanged(int) -> b
android.support.v4.view.ViewPager$PageTransformer -> android.support.v4.view.aj:
    void transformPage(android.view.View,float) -> a
android.support.v4.view.ViewPager$PagerObserver -> android.support.v4.view.ak:
    android.support.v4.view.ViewPager this$0 -> a
    void onChanged() -> onChanged
    void onInvalidated() -> onInvalidated
android.support.v4.view.ViewPager$SavedState -> android.support.v4.view.ViewPager$SavedState:
    int position -> a
    android.os.Parcelable adapterState -> b
    java.lang.ClassLoader loader -> c
    android.os.Parcelable$Creator CREATOR -> CREATOR
    void writeToParcel(android.os.Parcel,int) -> writeToParcel
    java.lang.String toString() -> toString
android.support.v4.view.ViewPager$SavedState$1 -> android.support.v4.view.al:
    android.support.v4.view.ViewPager$SavedState createFromParcel(android.os.Parcel,java.lang.ClassLoader) -> b
    android.support.v4.view.ViewPager$SavedState[] newArray(int) -> b
    java.lang.Object[] newArray(int) -> a
    java.lang.Object createFromParcel(android.os.Parcel,java.lang.ClassLoader) -> a
android.support.v4.view.ViewPager$ViewPositionComparator -> android.support.v4.view.am:
    int compare(android.view.View,android.view.View) -> a
    int compare(java.lang.Object,java.lang.Object) -> compare
android.support.v4.widget.EdgeEffectCompat -> android.support.v4.d.a:
    java.lang.Object mEdgeEffect -> a
    android.support.v4.widget.EdgeEffectCompat$EdgeEffectImpl IMPL -> b
    void setSize(int,int) -> a
    boolean isFinished() -> a
    void finish() -> b
    boolean onPull(float) -> a
    boolean onRelease() -> c
    boolean draw(android.graphics.Canvas) -> a
android.support.v4.widget.EdgeEffectCompat$BaseEdgeEffectImpl -> android.support.v4.d.b:
    void setSize(java.lang.Object,int,int) -> a
    boolean isFinished(java.lang.Object) -> a
    void finish(java.lang.Object) -> b
    boolean onPull(java.lang.Object,float) -> a
    boolean onRelease(java.lang.Object) -> c
    boolean draw(java.lang.Object,android.graphics.Canvas) -> a
android.support.v4.widget.EdgeEffectCompat$EdgeEffectIcsImpl -> android.support.v4.d.c:
    void setSize(java.lang.Object,int,int) -> a
    boolean isFinished(java.lang.Object) -> a
    void finish(java.lang.Object) -> b
    boolean onPull(java.lang.Object,float) -> a
    boolean onRelease(java.lang.Object) -> c
    boolean draw(java.lang.Object,android.graphics.Canvas) -> a
android.support.v4.widget.EdgeEffectCompat$EdgeEffectImpl -> android.support.v4.d.d:
    void setSize(java.lang.Object,int,int) -> a
    boolean isFinished(java.lang.Object) -> a
    void finish(java.lang.Object) -> b
    boolean onPull(java.lang.Object,float) -> a
    boolean onRelease(java.lang.Object) -> c
    boolean draw(java.lang.Object,android.graphics.Canvas) -> a